<?xml version="1.0" encoding="UTF-8"?>
<!-- Generated by org.testng.reporters.JUnitReportReporter -->
<testsuite skipped="0" hostname="3c564270ca76" name="com.newtours.test.BookFlightTest" tests="20" failures="0" timestamp="14 Aug 2022 13:41:48 GMT" time="106.648" errors="0">
  <testcase name="flightConfirmationPage" time="1.556" classname="com.newtours.test.BookFlightTest"/>
  <testcase name="flightDetailsPageTest" time="3.967" classname="com.newtours.test.BookFlightTest"/>
  <testcase name="registrationConfirmationPageTest" time="1.593" classname="com.newtours.test.BookFlightTest"/>
  <testcase name="bookFlightPageTest" time="1.735" classname="com.newtours.test.BookFlightTest"/>
  <testcase name="bookFlightPageTest" time="2.258" classname="com.newtours.test.BookFlightTest"/>
  <testcase name="flightConfirmationPage" time="2.095" classname="com.newtours.test.BookFlightTest"/>
  <testcase name="flightConfirmationPage" time="1.496" classname="com.newtours.test.BookFlightTest"/>
  <testcase name="registrationConfirmationPageTest" time="1.464" classname="com.newtours.test.BookFlightTest"/>
  <testcase name="bookFlightPageTest" time="2.654" classname="com.newtours.test.BookFlightTest"/>
  <testcase name="registrationConfirmationPageTest" time="1.878" classname="com.newtours.test.BookFlightTest"/>
  <testcase name="registrationPageTest" time="20.182" classname="com.newtours.test.BookFlightTest"/>
  <testcase name="bookFlightPageTest" time="1.970" classname="com.newtours.test.BookFlightTest"/>
  <testcase name="flightDetailsPageTest" time="3.784" classname="com.newtours.test.BookFlightTest"/>
  <testcase name="flightDetailsPageTest" time="2.581" classname="com.newtours.test.BookFlightTest"/>
  <testcase name="flightConfirmationPage" time="1.416" classname="com.newtours.test.BookFlightTest"/>
  <testcase name="flightDetailsPageTest" time="2.504" classname="com.newtours.test.BookFlightTest"/>
  <testcase name="registrationPageTest" time="15.368" classname="com.newtours.test.BookFlightTest"/>
  <testcase name="registrationConfirmationPageTest" time="1.317" classname="com.newtours.test.BookFlightTest"/>
  <testcase name="registrationPageTest" time="16.947" classname="com.newtours.test.BookFlightTest"/>
  <testcase name="registrationPageTest" time="19.883" classname="com.newtours.test.BookFlightTest"/>
</testsuite> <!-- com.newtours.test.BookFlightTest -->
