<?xml version="1.0" encoding="UTF-8"?>
<!-- Generated by org.testng.reporters.JUnitReportReporter -->
<testsuite skipped="0" hostname="a2efc1298ba6" name="com.searchmodule.test.ModuleSearchTest" tests="6" failures="0" timestamp="14 Aug 2022 16:48:45 GMT" time="164.071" errors="0">
  <testcase name="searchContent" time="25.743" classname="com.searchmodule.test.ModuleSearchTest"/>
  <testcase name="searchContent" time="24.703" classname="com.searchmodule.test.ModuleSearchTest"/>
  <testcase name="searchContent" time="29.723" classname="com.searchmodule.test.ModuleSearchTest"/>
  <testcase name="searchContent" time="28.104" classname="com.searchmodule.test.ModuleSearchTest"/>
  <testcase name="searchContent" time="25.500" classname="com.searchmodule.test.ModuleSearchTest"/>
  <testcase name="searchContent" time="30.298" classname="com.searchmodule.test.ModuleSearchTest"/>
</testsuite> <!-- com.searchmodule.test.ModuleSearchTest -->
