<?xml version="1.0" encoding="UTF-8"?>
<!-- Generated by org.testng.reporters.JUnitReportReporter -->
<testsuite skipped="0" hostname="4e9ba072b065" name="com.newtours.test.BookFlightTest" tests="20" failures="0" timestamp="15 Aug 2022 06:22:01 GMT" time="76.986" errors="0">
  <testcase name="registrationConfirmationPageTest" time="0.836" classname="com.newtours.test.BookFlightTest"/>
  <testcase name="bookFlightPageTest" time="2.304" classname="com.newtours.test.BookFlightTest"/>
  <testcase name="flightDetailsPageTest" time="2.733" classname="com.newtours.test.BookFlightTest"/>
  <testcase name="registrationConfirmationPageTest" time="2.062" classname="com.newtours.test.BookFlightTest"/>
  <testcase name="registrationPageTest" time="11.863" classname="com.newtours.test.BookFlightTest"/>
  <testcase name="registrationPageTest" time="11.142" classname="com.newtours.test.BookFlightTest"/>
  <testcase name="registrationConfirmationPageTest" time="0.770" classname="com.newtours.test.BookFlightTest"/>
  <testcase name="flightConfirmationPage" time="1.099" classname="com.newtours.test.BookFlightTest"/>
  <testcase name="flightDetailsPageTest" time="2.314" classname="com.newtours.test.BookFlightTest"/>
  <testcase name="bookFlightPageTest" time="1.954" classname="com.newtours.test.BookFlightTest"/>
  <testcase name="registrationPageTest" time="12.999" classname="com.newtours.test.BookFlightTest"/>
  <testcase name="registrationConfirmationPageTest" time="0.748" classname="com.newtours.test.BookFlightTest"/>
  <testcase name="bookFlightPageTest" time="2.549" classname="com.newtours.test.BookFlightTest"/>
  <testcase name="registrationPageTest" time="12.770" classname="com.newtours.test.BookFlightTest"/>
  <testcase name="bookFlightPageTest" time="2.028" classname="com.newtours.test.BookFlightTest"/>
  <testcase name="flightDetailsPageTest" time="1.634" classname="com.newtours.test.BookFlightTest"/>
  <testcase name="flightDetailsPageTest" time="3.507" classname="com.newtours.test.BookFlightTest"/>
  <testcase name="flightConfirmationPage" time="0.941" classname="com.newtours.test.BookFlightTest"/>
  <testcase name="flightConfirmationPage" time="1.175" classname="com.newtours.test.BookFlightTest"/>
  <testcase name="flightConfirmationPage" time="1.558" classname="com.newtours.test.BookFlightTest"/>
</testsuite> <!-- com.newtours.test.BookFlightTest -->
