<?xml version="1.0" encoding="UTF-8"?>
<!-- Generated by org.testng.reporters.JUnitReportReporter -->
<testsuite skipped="0" hostname="15859f245ef3" name="com.searchmodule.test.ModuleSearchTest" tests="6" failures="0" timestamp="14 Aug 2022 13:11:31 GMT" time="169.807" errors="0">
  <testcase name="searchContent" time="25.920" classname="com.searchmodule.test.ModuleSearchTest"/>
  <testcase name="searchContent" time="28.272" classname="com.searchmodule.test.ModuleSearchTest"/>
  <testcase name="searchContent" time="25.734" classname="com.searchmodule.test.ModuleSearchTest"/>
  <testcase name="searchContent" time="28.265" classname="com.searchmodule.test.ModuleSearchTest"/>
  <testcase name="searchContent" time="28.608" classname="com.searchmodule.test.ModuleSearchTest"/>
  <testcase name="searchContent" time="33.008" classname="com.searchmodule.test.ModuleSearchTest"/>
</testsuite> <!-- com.searchmodule.test.ModuleSearchTest -->
