<?xml version="1.0" encoding="UTF-8"?>
<!-- Generated by org.testng.reporters.JUnitReportReporter -->
<testsuite skipped="0" hostname="24373ffd8c97" name="com.newtours.test.BookFlightTest" tests="20" failures="0" timestamp="14 Aug 2022 16:45:42 GMT" time="114.659" errors="0">
  <testcase name="flightDetailsPageTest" time="2.865" classname="com.newtours.test.BookFlightTest"/>
  <testcase name="flightConfirmationPage" time="1.773" classname="com.newtours.test.BookFlightTest"/>
  <testcase name="registrationConfirmationPageTest" time="1.832" classname="com.newtours.test.BookFlightTest"/>
  <testcase name="registrationConfirmationPageTest" time="2.112" classname="com.newtours.test.BookFlightTest"/>
  <testcase name="bookFlightPageTest" time="2.973" classname="com.newtours.test.BookFlightTest"/>
  <testcase name="registrationConfirmationPageTest" time="0.961" classname="com.newtours.test.BookFlightTest"/>
  <testcase name="flightDetailsPageTest" time="2.663" classname="com.newtours.test.BookFlightTest"/>
  <testcase name="registrationPageTest" time="18.719" classname="com.newtours.test.BookFlightTest"/>
  <testcase name="bookFlightPageTest" time="2.504" classname="com.newtours.test.BookFlightTest"/>
  <testcase name="registrationConfirmationPageTest" time="2.952" classname="com.newtours.test.BookFlightTest"/>
  <testcase name="flightConfirmationPage" time="1.314" classname="com.newtours.test.BookFlightTest"/>
  <testcase name="flightConfirmationPage" time="2.252" classname="com.newtours.test.BookFlightTest"/>
  <testcase name="flightDetailsPageTest" time="2.322" classname="com.newtours.test.BookFlightTest"/>
  <testcase name="bookFlightPageTest" time="2.210" classname="com.newtours.test.BookFlightTest"/>
  <testcase name="bookFlightPageTest" time="4.440" classname="com.newtours.test.BookFlightTest"/>
  <testcase name="registrationPageTest" time="17.371" classname="com.newtours.test.BookFlightTest"/>
  <testcase name="registrationPageTest" time="21.034" classname="com.newtours.test.BookFlightTest"/>
  <testcase name="flightDetailsPageTest" time="3.741" classname="com.newtours.test.BookFlightTest"/>
  <testcase name="registrationPageTest" time="18.571" classname="com.newtours.test.BookFlightTest"/>
  <testcase name="flightConfirmationPage" time="2.050" classname="com.newtours.test.BookFlightTest"/>
</testsuite> <!-- com.newtours.test.BookFlightTest -->
